c:\users\hasan\documents\gc\graphics for games\1) your first triangle\debug\vc141.pdb
c:\users\hasan\documents\gc\graphics for games\1) your first triangle\debug\vc141.idb
c:\users\hasan\documents\gc\graphics for games\1) your first triangle\debug\renderer.obj
c:\users\hasan\documents\gc\graphics for games\1) your first triangle\debug\tutorial1.obj
c:\users\hasan\documents\gc\graphics for games\debug\tutorial 01 - your first triangle.ilk
c:\users\hasan\documents\gc\graphics for games\debug\tutorial 01 - your first triangle.exe
c:\users\hasan\documents\gc\graphics for games\debug\tutorial 01 - your first triangle.pdb
d:\new folder\gc (3)\gc\gc\graphics for games\1) your first triangle\debug\renderer.obj
d:\new folder\gc (3)\gc\gc\graphics for games\1) your first triangle\debug\tutorial1.obj
d:\new folder\gc (3)\gc\gc\graphics for games\1) your first triangle\debug\vc141.idb
d:\new folder\gc (3)\gc\gc\graphics for games\1) your first triangle\debug\vc141.pdb
d:\new folder\gc (3)\gc\gc\graphics for games\debug\tutorial 01 - your first triangle.pdb
d:\new folder\gc (3)\gc\gc\graphics for games\debug\tutorial 01 - your first triangle.exe
d:\new folder\gc (3)\gc\gc\graphics for games\debug\tutorial 01 - your first triangle.ilk
d:\new folder\gc (3)\gc\gc\graphics for games\1) your first triangle\debug\tutorial.061c02ad.tlog\cl.command.1.tlog
d:\new folder\gc (3)\gc\gc\graphics for games\1) your first triangle\debug\tutorial.061c02ad.tlog\cl.read.1.tlog
d:\new folder\gc (3)\gc\gc\graphics for games\1) your first triangle\debug\tutorial.061c02ad.tlog\cl.write.1.tlog
d:\new folder\gc (3)\gc\gc\graphics for games\1) your first triangle\debug\tutorial.061c02ad.tlog\link.command.1.tlog
d:\new folder\gc (3)\gc\gc\graphics for games\1) your first triangle\debug\tutorial.061c02ad.tlog\link.read.1.tlog
d:\new folder\gc (3)\gc\gc\graphics for games\1) your first triangle\debug\tutorial.061c02ad.tlog\link.write.1.tlog
