d:\gc (2)\gc (2)\gc\gc\graphics for games\8) index buffers\debug\vc140.pdb
d:\gc (2)\gc (2)\gc\gc\graphics for games\8) index buffers\debug\vc140.idb
d:\gc (2)\gc (2)\gc\gc\graphics for games\8) index buffers\debug\renderer.obj
d:\gc (2)\gc (2)\gc\gc\graphics for games\8) index buffers\debug\tutorial8.obj
d:\gc (2)\gc (2)\gc\gc\graphics for games\debug\tutorial 08 - index buffers.ilk
d:\gc (2)\gc (2)\gc\gc\graphics for games\debug\tutorial 08 - index buffers.exe
d:\gc (2)\gc (2)\gc\gc\graphics for games\debug\tutorial 08 - index buffers.pdb
d:\new folder\gc (3)\gc\gc\graphics for games\8) index buffers\debug\renderer.obj
d:\new folder\gc (3)\gc\gc\graphics for games\8) index buffers\debug\tutorial8.obj
d:\new folder\gc (3)\gc\gc\graphics for games\8) index buffers\debug\vc140.idb
d:\new folder\gc (3)\gc\gc\graphics for games\8) index buffers\debug\vc140.pdb
d:\new folder\gc (3)\gc\gc\graphics for games\debug\tutorial 08 - index buffers.pdb
d:\new folder\gc (3)\gc\gc\graphics for games\debug\tutorial 08 - index buffers.exe
d:\new folder\gc (3)\gc\gc\graphics for games\debug\tutorial 08 - index buffers.ilk
d:\new folder\gc (3)\gc\gc\graphics for games\8) index buffers\debug\tutorial.5844d912.tlog\cl.command.1.tlog
d:\new folder\gc (3)\gc\gc\graphics for games\8) index buffers\debug\tutorial.5844d912.tlog\cl.read.1.tlog
d:\new folder\gc (3)\gc\gc\graphics for games\8) index buffers\debug\tutorial.5844d912.tlog\cl.write.1.tlog
d:\new folder\gc (3)\gc\gc\graphics for games\8) index buffers\debug\tutorial.5844d912.tlog\link.command.1.tlog
d:\new folder\gc (3)\gc\gc\graphics for games\8) index buffers\debug\tutorial.5844d912.tlog\link.read.1.tlog
d:\new folder\gc (3)\gc\gc\graphics for games\8) index buffers\debug\tutorial.5844d912.tlog\link.write.1.tlog
