d:\gc (2)\gc (2)\gc\gc\graphics for games\extra - 3d to 2d projection\debug\vc120.pdb
d:\gc (2)\gc (2)\gc\gc\graphics for games\extra - 3d to 2d projection\debug\vc120.idb
d:\gc (2)\gc (2)\gc\gc\graphics for games\extra - 3d to 2d projection\debug\main.obj
d:\gc (2)\gc (2)\gc\gc\graphics for games\extra - 3d to 2d projection\debug\renderer.obj
d:\gc (2)\gc (2)\gc\gc\graphics for games\extra - 3d to 2d projection\debug\vc141.pdb
d:\gc (2)\gc (2)\gc\gc\graphics for games\extra - 3d to 2d projection\debug\vc141.idb
d:\new folder\gc (3)\gc\gc\graphics for games\extra - 3d to 2d projection\debug\vc141.pdb
d:\new folder\gc (3)\gc\gc\graphics for games\extra - 3d to 2d projection\debug\vc141.idb
d:\new folder\gc (3)\gc\gc\graphics for games\extra - 3d to 2d projection\debug\main.obj
d:\new folder\gc (3)\gc\gc\graphics for games\extra - 3d to 2d projection\debug\renderer.obj
d:\gc (2)\gc (2)\gc\gc\graphics for games\debug\extra - 3d to 2d projection.ilk
d:\gc (2)\gc (2)\gc\gc\graphics for games\debug\extra - 3d to 2d projection.exe
d:\gc (2)\gc (2)\gc\gc\graphics for games\debug\lnk{d22c98f7-652c-4c99-8397-058fe1e854a1}.tmp
d:\gc (2)\gc (2)\gc\gc\graphics for games\debug\extra - 3d to 2d projection.pdb
d:\new folder\gc (3)\gc\gc\graphics for games\debug\extra - 3d to 2d projection.ilk
d:\new folder\gc (3)\gc\gc\graphics for games\debug\extra - 3d to 2d projection.exe
d:\new folder\gc (3)\gc\gc\graphics for games\debug\extra - 3d to 2d projection.pdb
d:\new folder\gc (3)\gc\gc\graphics for games\extra - 3d to 2d projection\debug\vc120.idb
d:\new folder\gc (3)\gc\gc\graphics for games\extra - 3d to 2d projection\debug\vc120.pdb
d:\new folder\gc (3)\gc\gc\graphics for games\extra - 3d to 2d projection\debug\extra - .93b8637f.tlog\cl.command.1.tlog
d:\new folder\gc (3)\gc\gc\graphics for games\extra - 3d to 2d projection\debug\extra - .93b8637f.tlog\cl.read.1.tlog
d:\new folder\gc (3)\gc\gc\graphics for games\extra - 3d to 2d projection\debug\extra - .93b8637f.tlog\cl.write.1.tlog
d:\new folder\gc (3)\gc\gc\graphics for games\extra - 3d to 2d projection\debug\extra - .93b8637f.tlog\link.command.1.tlog
d:\new folder\gc (3)\gc\gc\graphics for games\extra - 3d to 2d projection\debug\extra - .93b8637f.tlog\link.delete.1.tlog
d:\new folder\gc (3)\gc\gc\graphics for games\extra - 3d to 2d projection\debug\extra - .93b8637f.tlog\link.read.1.tlog
d:\new folder\gc (3)\gc\gc\graphics for games\extra - 3d to 2d projection\debug\extra - .93b8637f.tlog\link.write.1.tlog
