d:\new folder\gc (3)\gc\gc\nclgl\debug\nclgl.pdb
d:\new folder\gc (3)\gc\gc\nclgl\debug\nclgl.idb
d:\new folder\gc (3)\gc\gc\nclgl\debug\camera.obj
d:\new folder\gc (3)\gc\gc\nclgl\debug\frustrum.obj
d:\new folder\gc (3)\gc\gc\nclgl\debug\gametimer.obj
d:\new folder\gc (3)\gc\gc\nclgl\debug\heightmap.obj
d:\new folder\gc (3)\gc\gc\nclgl\debug\keyboard.obj
d:\new folder\gc (3)\gc\gc\nclgl\debug\matrix4.obj
d:\new folder\gc (3)\gc\gc\nclgl\debug\md5anim.obj
d:\new folder\gc (3)\gc\gc\nclgl\debug\md5filedata.obj
d:\new folder\gc (3)\gc\gc\nclgl\debug\md5mesh.obj
d:\new folder\gc (3)\gc\gc\nclgl\debug\md5node.obj
d:\new folder\gc (3)\gc\gc\nclgl\debug\mesh.obj
d:\new folder\gc (3)\gc\gc\nclgl\debug\mouse.obj
d:\new folder\gc (3)\gc\gc\nclgl\debug\oglrenderer.obj
d:\new folder\gc (3)\gc\gc\nclgl\debug\plane.obj
d:\new folder\gc (3)\gc\gc\nclgl\debug\quaternion.obj
d:\new folder\gc (3)\gc\gc\nclgl\debug\scenenode.obj
d:\new folder\gc (3)\gc\gc\nclgl\debug\shader.obj
d:\new folder\gc (3)\gc\gc\nclgl\debug\window.obj
d:\new folder\gc (3)\gc\gc\nclgl\debug\objmesh.obj
d:\new folder\gc (3)\gc\gc\graphics for games\debug\nclgl.lib
d:\new folder\gc (3)\gc\gc\graphics for games\debug\nclgl.pdb
d:\new folder\gc (3)\gc\gc\nclgl\debug\nclgl.tlog\cl.command.1.tlog
d:\new folder\gc (3)\gc\gc\nclgl\debug\nclgl.tlog\cl.read.1.tlog
d:\new folder\gc (3)\gc\gc\nclgl\debug\nclgl.tlog\cl.write.1.tlog
d:\new folder\gc (3)\gc\gc\nclgl\debug\nclgl.tlog\lib-link.read.1.tlog
d:\new folder\gc (3)\gc\gc\nclgl\debug\nclgl.tlog\lib-link.write.1.tlog
d:\new folder\gc (3)\gc\gc\nclgl\debug\nclgl.tlog\lib.command.1.tlog
