c:\users\hasan\documents\gc\graphics for games\3) texturing\debug\vc140.pdb
c:\users\hasan\documents\gc\graphics for games\3) texturing\debug\vc140.idb
c:\users\hasan\documents\gc\graphics for games\3) texturing\debug\renderer.obj
c:\users\hasan\documents\gc\graphics for games\3) texturing\debug\tutorial3.obj
d:\gc (2)\gc (2)\gc\gc\graphics for games\3) texturing\debug\vc140.pdb
d:\gc (2)\gc (2)\gc\gc\graphics for games\3) texturing\debug\vc140.idb
d:\gc (2)\gc (2)\gc\gc\graphics for games\3) texturing\debug\renderer.obj
d:\gc (2)\gc (2)\gc\gc\graphics for games\3) texturing\debug\tutorial3.obj
d:\new folder\gc (3)\gc\gc\graphics for games\3) texturing\debug\vc140.pdb
d:\new folder\gc (3)\gc\gc\graphics for games\3) texturing\debug\vc140.idb
d:\new folder\gc (3)\gc\gc\graphics for games\3) texturing\debug\renderer.obj
d:\new folder\gc (3)\gc\gc\graphics for games\3) texturing\debug\tutorial3.obj
c:\users\hasan\documents\gc\graphics for games\debug\tutorial 03 - texturing.ilk
c:\users\hasan\documents\gc\graphics for games\debug\tutorial 03 - texturing.exe
c:\users\hasan\documents\gc\graphics for games\debug\tutorial 03 - texturing.pdb
d:\gc (2)\gc (2)\gc\gc\graphics for games\debug\tutorial 03 - texturing.ilk
d:\gc (2)\gc (2)\gc\gc\graphics for games\debug\tutorial 03 - texturing.exe
d:\gc (2)\gc (2)\gc\gc\graphics for games\debug\tutorial 03 - texturing.pdb
d:\new folder\gc (3)\gc\gc\graphics for games\debug\tutorial 03 - texturing.ilk
d:\new folder\gc (3)\gc\gc\graphics for games\debug\tutorial 03 - texturing.exe
d:\new folder\gc (3)\gc\gc\graphics for games\debug\tutorial 03 - texturing.pdb
d:\new folder\gc (3)\gc\gc\graphics for games\3) texturing\debug\tutorial.67a58e4e.tlog\cl.command.1.tlog
d:\new folder\gc (3)\gc\gc\graphics for games\3) texturing\debug\tutorial.67a58e4e.tlog\cl.read.1.tlog
d:\new folder\gc (3)\gc\gc\graphics for games\3) texturing\debug\tutorial.67a58e4e.tlog\cl.write.1.tlog
d:\new folder\gc (3)\gc\gc\graphics for games\3) texturing\debug\tutorial.67a58e4e.tlog\link.command.1.tlog
d:\new folder\gc (3)\gc\gc\graphics for games\3) texturing\debug\tutorial.67a58e4e.tlog\link.read.1.tlog
d:\new folder\gc (3)\gc\gc\graphics for games\3) texturing\debug\tutorial.67a58e4e.tlog\link.write.1.tlog
