d:\gc (2)\gc\gc\graphics for games\9) skeletal animation\debug\vc140.pdb
d:\gc (2)\gc\gc\graphics for games\9) skeletal animation\debug\vc140.idb
d:\gc (2)\gc\gc\graphics for games\9) skeletal animation\debug\renderer.obj
d:\gc (2)\gc\gc\graphics for games\9) skeletal animation\debug\tutorial9.obj
d:\new folder\gc (3)\gc\gc\graphics for games\9) skeletal animation\debug\vc140.pdb
d:\new folder\gc (3)\gc\gc\graphics for games\9) skeletal animation\debug\vc140.idb
d:\new folder\gc (3)\gc\gc\graphics for games\9) skeletal animation\debug\renderer.obj
d:\new folder\gc (3)\gc\gc\graphics for games\9) skeletal animation\debug\tutorial9.obj
d:\gc (2)\gc\gc\graphics for games\debug\tutorial 09 - skeletal animation.ilk
d:\gc (2)\gc\gc\graphics for games\debug\tutorial 09 - skeletal animation.exe
d:\gc (2)\gc\gc\graphics for games\debug\tutorial 09 - skeletal animation.pdb
d:\new folder\gc (3)\gc\gc\graphics for games\debug\tutorial 09 - skeletal animation.ilk
d:\new folder\gc (3)\gc\gc\graphics for games\debug\tutorial 09 - skeletal animation.exe
d:\new folder\gc (3)\gc\gc\graphics for games\debug\tutorial 09 - skeletal animation.pdb
d:\new folder\gc (3)\gc\gc\graphics for games\9) skeletal animation\debug\tutorial.9fb8682d.tlog\cl.command.1.tlog
d:\new folder\gc (3)\gc\gc\graphics for games\9) skeletal animation\debug\tutorial.9fb8682d.tlog\cl.read.1.tlog
d:\new folder\gc (3)\gc\gc\graphics for games\9) skeletal animation\debug\tutorial.9fb8682d.tlog\cl.write.1.tlog
d:\new folder\gc (3)\gc\gc\graphics for games\9) skeletal animation\debug\tutorial.9fb8682d.tlog\link.command.1.tlog
d:\new folder\gc (3)\gc\gc\graphics for games\9) skeletal animation\debug\tutorial.9fb8682d.tlog\link.read.1.tlog
d:\new folder\gc (3)\gc\gc\graphics for games\9) skeletal animation\debug\tutorial.9fb8682d.tlog\link.write.1.tlog
