d:\gc (2)\gc (2)\gc\gc\graphics for games\12) per fragment lighting b\debug\vc140.pdb
d:\gc (2)\gc (2)\gc\gc\graphics for games\12) per fragment lighting b\debug\vc140.idb
d:\gc (2)\gc (2)\gc\gc\graphics for games\12) per fragment lighting b\debug\renderer.obj
d:\gc (2)\gc (2)\gc\gc\graphics for games\12) per fragment lighting b\debug\tutorial12.obj
d:\gc (2)\gc (2)\gc\gc\graphics for games\debug\tutorial 12 - real-time lighting b.ilk
d:\gc (2)\gc (2)\gc\gc\graphics for games\debug\tutorial 12 - real-time lighting b.exe
d:\gc (2)\gc (2)\gc\gc\graphics for games\debug\tutorial 12 - real-time lighting b.pdb
d:\new folder\gc (3)\gc\gc\graphics for games\12) per fragment lighting b\debug\renderer.obj
d:\new folder\gc (3)\gc\gc\graphics for games\12) per fragment lighting b\debug\tutorial12.obj
d:\new folder\gc (3)\gc\gc\graphics for games\12) per fragment lighting b\debug\vc140.idb
d:\new folder\gc (3)\gc\gc\graphics for games\12) per fragment lighting b\debug\vc140.pdb
d:\new folder\gc (3)\gc\gc\graphics for games\debug\tutorial 12 - real-time lighting b.pdb
d:\new folder\gc (3)\gc\gc\graphics for games\debug\tutorial 12 - real-time lighting b.exe
d:\new folder\gc (3)\gc\gc\graphics for games\debug\tutorial 12 - real-time lighting b.ilk
d:\new folder\gc (3)\gc\gc\graphics for games\12) per fragment lighting b\debug\tutorial.dc9f082d.tlog\cl.command.1.tlog
d:\new folder\gc (3)\gc\gc\graphics for games\12) per fragment lighting b\debug\tutorial.dc9f082d.tlog\cl.read.1.tlog
d:\new folder\gc (3)\gc\gc\graphics for games\12) per fragment lighting b\debug\tutorial.dc9f082d.tlog\cl.write.1.tlog
d:\new folder\gc (3)\gc\gc\graphics for games\12) per fragment lighting b\debug\tutorial.dc9f082d.tlog\link.command.1.tlog
d:\new folder\gc (3)\gc\gc\graphics for games\12) per fragment lighting b\debug\tutorial.dc9f082d.tlog\link.read.1.tlog
d:\new folder\gc (3)\gc\gc\graphics for games\12) per fragment lighting b\debug\tutorial.dc9f082d.tlog\link.write.1.tlog
