d:\gc (3)\gc\gc\graphics for games\graphics coursework\debug\vc141.pdb
d:\gc (3)\gc\gc\graphics for games\graphics coursework\debug\vc141.idb
d:\gc (3)\gc\gc\graphics for games\graphics coursework\debug\main.obj
d:\gc (3)\gc\gc\graphics for games\graphics coursework\debug\renderer.obj
d:\gc (3)\gc\gc\graphics for games\graphics coursework\debug\textmesh.obj
d:\new folder\gc (3)\gc\gc\graphics for games\graphics coursework\debug\vc141.pdb
d:\new folder\gc (3)\gc\gc\graphics for games\graphics coursework\debug\vc141.idb
d:\new folder\gc (3)\gc\gc\graphics for games\graphics coursework\debug\main.obj
d:\new folder\gc (3)\gc\gc\graphics for games\graphics coursework\debug\textmesh.obj
d:\new folder\gc (3)\gc\gc\graphics for games\graphics coursework\debug\renderer.obj
d:\new folder\gc (3)\gc\gc\graphics for games\graphics coursework\debug\particleemitter.obj
d:\gc (3)\gc\gc\graphics for games\debug\graphicscoursework.ilk
d:\gc (3)\gc\gc\graphics for games\debug\graphicscoursework.exe
d:\gc (3)\gc\gc\graphics for games\debug\graphicscoursework.pdb
d:\new folder\gc (3)\gc\gc\graphics for games\debug\graphicscoursework.ilk
d:\new folder\gc (3)\gc\gc\graphics for games\debug\graphicscoursework.exe
d:\new folder\gc (3)\gc\gc\graphics for games\debug\graphicscoursework.pdb
d:\new folder\gc (3)\gc\gc\graphics for games\graphics coursework\debug\graphics.909a2cfc.tlog\cl.command.1.tlog
d:\new folder\gc (3)\gc\gc\graphics for games\graphics coursework\debug\graphics.909a2cfc.tlog\cl.read.1.tlog
d:\new folder\gc (3)\gc\gc\graphics for games\graphics coursework\debug\graphics.909a2cfc.tlog\cl.write.1.tlog
d:\new folder\gc (3)\gc\gc\graphics for games\graphics coursework\debug\graphics.909a2cfc.tlog\link.command.1.tlog
d:\new folder\gc (3)\gc\gc\graphics for games\graphics coursework\debug\graphics.909a2cfc.tlog\link.read.1.tlog
d:\new folder\gc (3)\gc\gc\graphics for games\graphics coursework\debug\graphics.909a2cfc.tlog\link.write.1.tlog
