d:\gc\graphics code 2015\graphics for games\5) stencils & scissors\debug\vc140.pdb
d:\gc\graphics code 2015\graphics for games\5) stencils & scissors\debug\vc140.idb
d:\gc\graphics code 2015\graphics for games\5) stencils & scissors\debug\renderer.obj
d:\gc\graphics code 2015\graphics for games\5) stencils & scissors\debug\tutorial5.obj
c:\users\hasan\documents\gc\graphics for games\5) stencils & scissors\debug\vc140.pdb
c:\users\hasan\documents\gc\graphics for games\5) stencils & scissors\debug\vc140.idb
c:\users\hasan\documents\gc\graphics for games\5) stencils & scissors\debug\renderer.obj
c:\users\hasan\documents\gc\graphics for games\5) stencils & scissors\debug\tutorial5.obj
d:\gc\graphics code 2015\graphics for games\debug\tutorial 05 - scissors and stencils.ilk
d:\gc\graphics code 2015\graphics for games\debug\tutorial 05 - scissors and stencils.exe
d:\gc\graphics code 2015\graphics for games\debug\tutorial 05 - scissors and stencils.pdb
c:\users\hasan\documents\gc\graphics for games\debug\tutorial 05 - scissors and stencils.ilk
c:\users\hasan\documents\gc\graphics for games\debug\tutorial 05 - scissors and stencils.exe
c:\users\hasan\documents\gc\graphics for games\debug\tutorial 05 - scissors and stencils.pdb
d:\new folder\gc (3)\gc\gc\graphics for games\5) stencils & scissors\debug\renderer.obj
d:\new folder\gc (3)\gc\gc\graphics for games\5) stencils & scissors\debug\tutorial5.obj
d:\new folder\gc (3)\gc\gc\graphics for games\5) stencils & scissors\debug\vc140.idb
d:\new folder\gc (3)\gc\gc\graphics for games\5) stencils & scissors\debug\vc140.pdb
d:\new folder\gc (3)\gc\gc\graphics for games\debug\tutorial 05 - scissors and stencils.pdb
d:\new folder\gc (3)\gc\gc\graphics for games\debug\tutorial 05 - scissors and stencils.exe
d:\new folder\gc (3)\gc\gc\graphics for games\debug\tutorial 05 - scissors and stencils.ilk
d:\new folder\gc (3)\gc\gc\graphics for games\5) stencils & scissors\debug\tutorial.e32f8803.tlog\cl.command.1.tlog
d:\new folder\gc (3)\gc\gc\graphics for games\5) stencils & scissors\debug\tutorial.e32f8803.tlog\cl.read.1.tlog
d:\new folder\gc (3)\gc\gc\graphics for games\5) stencils & scissors\debug\tutorial.e32f8803.tlog\cl.write.1.tlog
d:\new folder\gc (3)\gc\gc\graphics for games\5) stencils & scissors\debug\tutorial.e32f8803.tlog\link.command.1.tlog
d:\new folder\gc (3)\gc\gc\graphics for games\5) stencils & scissors\debug\tutorial.e32f8803.tlog\link.read.1.tlog
d:\new folder\gc (3)\gc\gc\graphics for games\5) stencils & scissors\debug\tutorial.e32f8803.tlog\link.write.1.tlog
