c:\users\hasan\documents\gc\graphics for games\4) depth & transparency\debug\vc140.pdb
c:\users\hasan\documents\gc\graphics for games\4) depth & transparency\debug\vc140.idb
c:\users\hasan\documents\gc\graphics for games\4) depth & transparency\debug\renderer.obj
c:\users\hasan\documents\gc\graphics for games\4) depth & transparency\debug\tutorial4.obj
c:\users\hasan\documents\gc\graphics for games\debug\tutorial 04 - depth and transparency.ilk
c:\users\hasan\documents\gc\graphics for games\debug\tutorial 04 - depth and transparency.exe
c:\users\hasan\documents\gc\graphics for games\debug\tutorial 04 - depth and transparency.pdb
d:\new folder\gc (3)\gc\gc\graphics for games\4) depth & transparency\debug\renderer.obj
d:\new folder\gc (3)\gc\gc\graphics for games\4) depth & transparency\debug\tutorial4.obj
d:\new folder\gc (3)\gc\gc\graphics for games\4) depth & transparency\debug\vc140.idb
d:\new folder\gc (3)\gc\gc\graphics for games\4) depth & transparency\debug\vc140.pdb
d:\new folder\gc (3)\gc\gc\graphics for games\debug\tutorial 04 - depth and transparency.pdb
d:\new folder\gc (3)\gc\gc\graphics for games\debug\tutorial 04 - depth and transparency.exe
d:\new folder\gc (3)\gc\gc\graphics for games\debug\tutorial 04 - depth and transparency.ilk
d:\new folder\gc (3)\gc\gc\graphics for games\4) depth & transparency\debug\tutorial.45ebbbbf.tlog\cl.command.1.tlog
d:\new folder\gc (3)\gc\gc\graphics for games\4) depth & transparency\debug\tutorial.45ebbbbf.tlog\cl.read.1.tlog
d:\new folder\gc (3)\gc\gc\graphics for games\4) depth & transparency\debug\tutorial.45ebbbbf.tlog\cl.write.1.tlog
d:\new folder\gc (3)\gc\gc\graphics for games\4) depth & transparency\debug\tutorial.45ebbbbf.tlog\link.command.1.tlog
d:\new folder\gc (3)\gc\gc\graphics for games\4) depth & transparency\debug\tutorial.45ebbbbf.tlog\link.read.1.tlog
d:\new folder\gc (3)\gc\gc\graphics for games\4) depth & transparency\debug\tutorial.45ebbbbf.tlog\link.write.1.tlog
