d:\gc (3)\gc\gc\graphics for games\15) deferred shading\debug\vc140.pdb
d:\gc (3)\gc\gc\graphics for games\15) deferred shading\debug\vc140.idb
d:\gc (3)\gc\gc\graphics for games\15) deferred shading\debug\renderer.obj
d:\gc (3)\gc\gc\graphics for games\15) deferred shading\debug\tutorial15.obj
d:\new folder\gc (3)\gc\gc\graphics for games\15) deferred shading\debug\vc140.pdb
d:\new folder\gc (3)\gc\gc\graphics for games\15) deferred shading\debug\vc140.idb
d:\new folder\gc (3)\gc\gc\graphics for games\15) deferred shading\debug\renderer.obj
d:\new folder\gc (3)\gc\gc\graphics for games\15) deferred shading\debug\tutorial15.obj
d:\gc (3)\gc\gc\graphics for games\debug\tutorial 15 - deferred shading.ilk
d:\gc (3)\gc\gc\graphics for games\debug\tutorial 15 - deferred shading.exe
d:\gc (3)\gc\gc\graphics for games\debug\tutorial 15 - deferred shading.pdb
d:\new folder\gc (3)\gc\gc\graphics for games\debug\tutorial 15 - deferred shading.ilk
d:\new folder\gc (3)\gc\gc\graphics for games\debug\tutorial 15 - deferred shading.exe
d:\new folder\gc (3)\gc\gc\graphics for games\debug\tutorial 15 - deferred shading.pdb
d:\new folder\gc (3)\gc\gc\graphics for games\15) deferred shading\debug\tutorial.55c75bc7.tlog\cl.command.1.tlog
d:\new folder\gc (3)\gc\gc\graphics for games\15) deferred shading\debug\tutorial.55c75bc7.tlog\cl.read.1.tlog
d:\new folder\gc (3)\gc\gc\graphics for games\15) deferred shading\debug\tutorial.55c75bc7.tlog\cl.write.1.tlog
d:\new folder\gc (3)\gc\gc\graphics for games\15) deferred shading\debug\tutorial.55c75bc7.tlog\link.command.1.tlog
d:\new folder\gc (3)\gc\gc\graphics for games\15) deferred shading\debug\tutorial.55c75bc7.tlog\link.read.1.tlog
d:\new folder\gc (3)\gc\gc\graphics for games\15) deferred shading\debug\tutorial.55c75bc7.tlog\link.write.1.tlog
