d:\gc (3)\gc\gc\graphics for games\11) per fragment lighting a\debug\vc141.pdb
d:\gc (3)\gc\gc\graphics for games\11) per fragment lighting a\debug\vc141.idb
d:\gc (3)\gc\gc\graphics for games\11) per fragment lighting a\debug\tutorial11.obj
d:\gc (3)\gc\gc\graphics for games\11) per fragment lighting a\debug\renderer.obj
d:\new folder\gc (3)\gc\gc\graphics for games\11) per fragment lighting a\debug\vc141.pdb
d:\new folder\gc (3)\gc\gc\graphics for games\11) per fragment lighting a\debug\vc141.idb
d:\new folder\gc (3)\gc\gc\graphics for games\11) per fragment lighting a\debug\renderer.obj
d:\new folder\gc (3)\gc\gc\graphics for games\11) per fragment lighting a\debug\tutorial11.obj
d:\gc (3)\gc\gc\graphics for games\debug\tutorial 11 - real-time lighting a.ilk
d:\gc (3)\gc\gc\graphics for games\debug\tutorial 11 - real-time lighting a.exe
d:\gc (3)\gc\gc\graphics for games\debug\tutorial 11 - real-time lighting a.pdb
d:\new folder\gc (3)\gc\gc\graphics for games\debug\tutorial 11 - real-time lighting a.ilk
d:\new folder\gc (3)\gc\gc\graphics for games\debug\tutorial 11 - real-time lighting a.exe
d:\new folder\gc (3)\gc\gc\graphics for games\debug\tutorial 11 - real-time lighting a.pdb
d:\new folder\gc (3)\gc\gc\graphics for games\11) per fragment lighting a\debug\tutorial.95f93172.tlog\cl.command.1.tlog
d:\new folder\gc (3)\gc\gc\graphics for games\11) per fragment lighting a\debug\tutorial.95f93172.tlog\cl.read.1.tlog
d:\new folder\gc (3)\gc\gc\graphics for games\11) per fragment lighting a\debug\tutorial.95f93172.tlog\cl.write.1.tlog
d:\new folder\gc (3)\gc\gc\graphics for games\11) per fragment lighting a\debug\tutorial.95f93172.tlog\link.command.1.tlog
d:\new folder\gc (3)\gc\gc\graphics for games\11) per fragment lighting a\debug\tutorial.95f93172.tlog\link.read.1.tlog
d:\new folder\gc (3)\gc\gc\graphics for games\11) per fragment lighting a\debug\tutorial.95f93172.tlog\link.write.1.tlog
