c:\users\hasan\documents\gc\graphics for games\6) scene graph\debug\vc140.pdb
c:\users\hasan\documents\gc\graphics for games\6) scene graph\debug\vc140.idb
c:\users\hasan\documents\gc\graphics for games\6) scene graph\debug\cuberobot.obj
c:\users\hasan\documents\gc\graphics for games\6) scene graph\debug\renderer.obj
c:\users\hasan\documents\gc\graphics for games\6) scene graph\debug\tutorial6.obj
d:\new folder\gc (3)\gc\gc\graphics for games\6) scene graph\debug\vc140.pdb
d:\new folder\gc (3)\gc\gc\graphics for games\6) scene graph\debug\vc140.idb
d:\new folder\gc (3)\gc\gc\graphics for games\6) scene graph\debug\renderer.obj
d:\new folder\gc (3)\gc\gc\graphics for games\6) scene graph\debug\tutorial6.obj
c:\users\hasan\documents\gc\graphics for games\debug\tutorial 06 - scene graph.ilk
c:\users\hasan\documents\gc\graphics for games\debug\tutorial 06 - scene graph.exe
c:\users\hasan\documents\gc\graphics for games\debug\tutorial 06 - scene graph.pdb
d:\new folder\gc (3)\gc\gc\graphics for games\debug\tutorial 06 - scene graph.pdb
d:\new folder\gc (3)\gc\gc\graphics for games\debug\tutorial 06 - scene graph.exe
d:\new folder\gc (3)\gc\gc\graphics for games\debug\tutorial 06 - scene graph.ilk
d:\new folder\gc (3)\gc\gc\graphics for games\6) scene graph\debug\tutorial.52cba66e.tlog\cl.command.1.tlog
d:\new folder\gc (3)\gc\gc\graphics for games\6) scene graph\debug\tutorial.52cba66e.tlog\cl.read.1.tlog
d:\new folder\gc (3)\gc\gc\graphics for games\6) scene graph\debug\tutorial.52cba66e.tlog\cl.write.1.tlog
d:\new folder\gc (3)\gc\gc\graphics for games\6) scene graph\debug\tutorial.52cba66e.tlog\link.command.1.tlog
d:\new folder\gc (3)\gc\gc\graphics for games\6) scene graph\debug\tutorial.52cba66e.tlog\link.read.1.tlog
d:\new folder\gc (3)\gc\gc\graphics for games\6) scene graph\debug\tutorial.52cba66e.tlog\link.write.1.tlog
