d:\gc (2)\gc\gc\graphics for games\10) post processing\debug\vc140.pdb
d:\gc (2)\gc\gc\graphics for games\10) post processing\debug\vc140.idb
d:\gc (2)\gc\gc\graphics for games\10) post processing\debug\renderer.obj
d:\gc (2)\gc\gc\graphics for games\10) post processing\debug\tutorial10.obj
d:\new folder\gc (3)\gc\gc\graphics for games\10) post processing\debug\vc140.pdb
d:\new folder\gc (3)\gc\gc\graphics for games\10) post processing\debug\vc140.idb
d:\new folder\gc (3)\gc\gc\graphics for games\10) post processing\debug\renderer.obj
d:\new folder\gc (3)\gc\gc\graphics for games\10) post processing\debug\tutorial10.obj
d:\gc (2)\gc\gc\graphics for games\debug\tutorial 10 - post processing.ilk
d:\gc (2)\gc\gc\graphics for games\debug\tutorial 10 - post processing.exe
d:\gc (2)\gc\gc\graphics for games\debug\tutorial 10 - post processing.pdb
d:\new folder\gc (3)\gc\gc\graphics for games\debug\tutorial 10 - post processing.ilk
d:\new folder\gc (3)\gc\gc\graphics for games\debug\tutorial 10 - post processing.exe
d:\new folder\gc (3)\gc\gc\graphics for games\debug\tutorial 10 - post processing.pdb
d:\new folder\gc (3)\gc\gc\graphics for games\10) post processing\debug\tutorial.9d4eb641.tlog\cl.command.1.tlog
d:\new folder\gc (3)\gc\gc\graphics for games\10) post processing\debug\tutorial.9d4eb641.tlog\cl.read.1.tlog
d:\new folder\gc (3)\gc\gc\graphics for games\10) post processing\debug\tutorial.9d4eb641.tlog\cl.write.1.tlog
d:\new folder\gc (3)\gc\gc\graphics for games\10) post processing\debug\tutorial.9d4eb641.tlog\link.command.1.tlog
d:\new folder\gc (3)\gc\gc\graphics for games\10) post processing\debug\tutorial.9d4eb641.tlog\link.read.1.tlog
d:\new folder\gc (3)\gc\gc\graphics for games\10) post processing\debug\tutorial.9d4eb641.tlog\link.write.1.tlog
