c:\users\hasan\documents\gc\graphics for games\7) scene management\debug\vc140.pdb
c:\users\hasan\documents\gc\graphics for games\7) scene management\debug\vc140.idb
c:\users\hasan\documents\gc\graphics for games\7) scene management\debug\tutorial7.obj
c:\users\hasan\documents\gc\graphics for games\7) scene management\debug\cuberobot.obj
c:\users\hasan\documents\gc\graphics for games\7) scene management\debug\renderer.obj
c:\users\hasan\documents\gc\graphics for games\debug\tutorial 07 - scene management.ilk
c:\users\hasan\documents\gc\graphics for games\debug\tutorial 07 - scene management.exe
c:\users\hasan\documents\gc\graphics for games\debug\tutorial 07 - scene management.pdb
d:\new folder\gc (3)\gc\gc\graphics for games\7) scene management\debug\cuberobot.obj
d:\new folder\gc (3)\gc\gc\graphics for games\7) scene management\debug\renderer.obj
d:\new folder\gc (3)\gc\gc\graphics for games\7) scene management\debug\tutorial7.obj
d:\new folder\gc (3)\gc\gc\graphics for games\7) scene management\debug\vc140.idb
d:\new folder\gc (3)\gc\gc\graphics for games\7) scene management\debug\vc140.pdb
d:\new folder\gc (3)\gc\gc\graphics for games\debug\tutorial 07 - scene management.pdb
d:\new folder\gc (3)\gc\gc\graphics for games\debug\tutorial 07 - scene management.exe
d:\new folder\gc (3)\gc\gc\graphics for games\debug\tutorial 07 - scene management.ilk
d:\new folder\gc (3)\gc\gc\graphics for games\7) scene management\debug\tutorial.87b5801e.tlog\cl.command.1.tlog
d:\new folder\gc (3)\gc\gc\graphics for games\7) scene management\debug\tutorial.87b5801e.tlog\cl.read.1.tlog
d:\new folder\gc (3)\gc\gc\graphics for games\7) scene management\debug\tutorial.87b5801e.tlog\cl.write.1.tlog
d:\new folder\gc (3)\gc\gc\graphics for games\7) scene management\debug\tutorial.87b5801e.tlog\link.command.1.tlog
d:\new folder\gc (3)\gc\gc\graphics for games\7) scene management\debug\tutorial.87b5801e.tlog\link.read.1.tlog
d:\new folder\gc (3)\gc\gc\graphics for games\7) scene management\debug\tutorial.87b5801e.tlog\link.write.1.tlog
