d:\gc (2)\gc (2)\gc\gc\graphics for games\extra - 2d to 3d projection\debug\vc120.pdb
d:\gc (2)\gc (2)\gc\gc\graphics for games\extra - 2d to 3d projection\debug\vc120.idb
d:\gc (2)\gc (2)\gc\gc\graphics for games\extra - 2d to 3d projection\debug\main.obj
d:\gc (2)\gc (2)\gc\gc\graphics for games\extra - 2d to 3d projection\debug\ray.obj
d:\gc (2)\gc (2)\gc\gc\graphics for games\extra - 2d to 3d projection\debug\renderer.obj
d:\gc (2)\gc (2)\gc\gc\graphics for games\extra - 2d to 3d projection\debug\vc141.pdb
d:\gc (2)\gc (2)\gc\gc\graphics for games\extra - 2d to 3d projection\debug\vc141.idb
d:\gc (2)\gc (2)\gc\gc\graphics for games\debug\extra - 2d to 3d projection.ilk
d:\gc (2)\gc (2)\gc\gc\graphics for games\debug\extra - 2d to 3d projection.exe
d:\gc (2)\gc (2)\gc\gc\graphics for games\debug\lnk{8adb6781-b7f2-4f00-b2e3-6ffb3698c48f}.tmp
d:\gc (2)\gc (2)\gc\gc\graphics for games\debug\extra - 2d to 3d projection.pdb
d:\new folder\gc (3)\gc\gc\graphics for games\extra - 2d to 3d projection\debug\main.obj
d:\new folder\gc (3)\gc\gc\graphics for games\extra - 2d to 3d projection\debug\ray.obj
d:\new folder\gc (3)\gc\gc\graphics for games\extra - 2d to 3d projection\debug\renderer.obj
d:\new folder\gc (3)\gc\gc\graphics for games\extra - 2d to 3d projection\debug\vc120.idb
d:\new folder\gc (3)\gc\gc\graphics for games\extra - 2d to 3d projection\debug\vc141.idb
d:\new folder\gc (3)\gc\gc\graphics for games\extra - 2d to 3d projection\debug\vc120.pdb
d:\new folder\gc (3)\gc\gc\graphics for games\extra - 2d to 3d projection\debug\vc141.pdb
d:\new folder\gc (3)\gc\gc\graphics for games\debug\extra - 2d to 3d projection.pdb
d:\new folder\gc (3)\gc\gc\graphics for games\debug\extra - 2d to 3d projection.exe
d:\new folder\gc (3)\gc\gc\graphics for games\debug\extra - 2d to 3d projection.ilk
d:\new folder\gc (3)\gc\gc\graphics for games\extra - 2d to 3d projection\debug\extra - .b5db73f9.tlog\cl.command.1.tlog
d:\new folder\gc (3)\gc\gc\graphics for games\extra - 2d to 3d projection\debug\extra - .b5db73f9.tlog\cl.read.1.tlog
d:\new folder\gc (3)\gc\gc\graphics for games\extra - 2d to 3d projection\debug\extra - .b5db73f9.tlog\cl.write.1.tlog
d:\new folder\gc (3)\gc\gc\graphics for games\extra - 2d to 3d projection\debug\extra - .b5db73f9.tlog\link.command.1.tlog
d:\new folder\gc (3)\gc\gc\graphics for games\extra - 2d to 3d projection\debug\extra - .b5db73f9.tlog\link.delete.1.tlog
d:\new folder\gc (3)\gc\gc\graphics for games\extra - 2d to 3d projection\debug\extra - .b5db73f9.tlog\link.read.1.tlog
d:\new folder\gc (3)\gc\gc\graphics for games\extra - 2d to 3d projection\debug\extra - .b5db73f9.tlog\link.write.1.tlog
